INFO:root:

INFO:root:Log file created. Program started.
INFO:root:Reading config files.
INFO:root:Config files succesfully read.
INFO:root:Loading Mongo collections.
INFO:root:Mongo collection loaded.
INFO:root:Prapering to update.
INFO:root:

INFO:root:Log file created. Program started.
INFO:root:Reading config files.
INFO:root:Config files succesfully read.
INFO:root:Loading Mongo collections.
INFO:root:Mongo collection loaded.
INFO:root:Prapering to update.
INFO:root:Updating documents.
INFO:root:

INFO:root:Log file created. Program started.
INFO:root:Reading config files.
INFO:root:Config files succesfully read.
INFO:root:Loading Mongo collections.
INFO:root:Mongo collection loaded.
INFO:root:Prapering to update.
INFO:root:Updating documents.
INFO:root:

INFO:root:Log file created. Program started.
INFO:root:Reading config files.
INFO:root:Config files succesfully read.
INFO:root:Loading Mongo collections.
INFO:root:Mongo collection loaded.
INFO:root:

INFO:root:Log file created. Program started.
INFO:root:Reading config files.
INFO:root:Config files succesfully read.
INFO:root:Loading Mongo collections.
INFO:root:Mongo collection loaded.
INFO:root:Prapering to update.
INFO:root:Updating documents.
INFO:root:Data saved succesfully to Mongo.
INFO:root:

INFO:root:Log file created. Program started.
INFO:root:Reading config files.
INFO:root:Config files succesfully read.
INFO:root:Loading Mongo collections.
INFO:root:Mongo collection loaded.
INFO:root:Prapering to update.
