INFO:root:Log file created. Program started.
INFO:root:Reading config files.
INFO:root:Config files succesfully read.
INFO:root:Loading Mongo collections.
INFO:root:Mongo collections loaded.
INFO:root:Preparing to update.
INFO:root:Updating documents.
INFO:root:Log file created. Program started.
INFO:root:Reading config files.
INFO:root:Config files succesfully read.
INFO:root:Loading Mongo collections.
INFO:root:Mongo collections loaded.
INFO:root:Preparing to update.
INFO:root:Updating documents.
INFO:root:Log file created. Program started.
INFO:root:Reading config files.
INFO:root:Config files succesfully read.
INFO:root:Loading Mongo collections.
INFO:root:Mongo collections loaded.
INFO:root:Preparing to update.
INFO:root:Updating documents.
INFO:root:Log file created. Program started.
INFO:root:Reading config files.
INFO:root:Config files succesfully read.
INFO:root:Loading Mongo collections.
INFO:root:Mongo collections loaded.
INFO:root:Preparing to update.
INFO:root:Updating documents.
INFO:root:Log file created. Program started.
INFO:root:Reading config files.
INFO:root:Config files succesfully read.
INFO:root:Loading Mongo collections.
INFO:root:Mongo collections loaded.
INFO:root:Preparing to update.
INFO:root:Updating documents.
INFO:root:Data saved succesfully to Mongo.
